2021-09-29 13:43:34.301  INFO 4736 --- [restartedMain] c.d.dataservice.DataServiceApplication   : Starting DataServiceApplication using Java 16.0.1 on iMac-Vladislav.local with PID 4736 (/Users/denis/IdeaProjects/DataService/target/classes started by denis in /Users/denis/IdeaProjects/DataService)
2021-09-29 13:43:34.325  INFO 4736 --- [restartedMain] c.d.dataservice.DataServiceApplication   : No active profile set, falling back to default profiles: default
2021-09-29 13:43:34.478  INFO 4736 --- [restartedMain] .e.DevToolsPropertyDefaultsPostProcessor : Devtools property defaults active! Set 'spring.devtools.add-properties' to 'false' to disable
2021-09-29 13:43:34.479  INFO 4736 --- [restartedMain] .e.DevToolsPropertyDefaultsPostProcessor : For additional web related logging consider setting the 'logging.level.web' property to 'DEBUG'
2021-09-29 13:43:35.991  INFO 4736 --- [restartedMain] .s.d.r.c.RepositoryConfigurationDelegate : Bootstrapping Spring Data JPA repositories in DEFAULT mode.
2021-09-29 13:43:36.121  INFO 4736 --- [restartedMain] .s.d.r.c.RepositoryConfigurationDelegate : Finished Spring Data repository scanning in 105 ms. Found 4 JPA repository interfaces.
2021-09-29 13:43:37.564  INFO 4736 --- [restartedMain] o.s.b.w.embedded.tomcat.TomcatWebServer  : Tomcat initialized with port(s): 8080 (http)
2021-09-29 13:43:37.583  INFO 4736 --- [restartedMain] o.apache.catalina.core.StandardService   : Starting service [Tomcat]
2021-09-29 13:43:37.583  INFO 4736 --- [restartedMain] org.apache.catalina.core.StandardEngine  : Starting Servlet engine: [Apache Tomcat/9.0.52]
2021-09-29 13:43:37.710  INFO 4736 --- [restartedMain] o.a.c.c.C.[Tomcat].[localhost].[/]       : Initializing Spring embedded WebApplicationContext
2021-09-29 13:43:37.710  INFO 4736 --- [restartedMain] w.s.c.ServletWebServerApplicationContext : Root WebApplicationContext: initialization completed in 3228 ms
2021-09-29 13:43:38.467  INFO 4736 --- [restartedMain] com.zaxxer.hikari.HikariDataSource       : HikariPool-1 - Starting...
2021-09-29 13:43:38.970  INFO 4736 --- [restartedMain] com.zaxxer.hikari.HikariDataSource       : HikariPool-1 - Start completed.
2021-09-29 13:43:39.089  INFO 4736 --- [restartedMain] o.hibernate.jpa.internal.util.LogHelper  : HHH000204: Processing PersistenceUnitInfo [name: default]
2021-09-29 13:43:39.231  INFO 4736 --- [restartedMain] org.hibernate.Version                    : HHH000412: Hibernate ORM core version 5.4.32.Final
2021-09-29 13:43:39.540  INFO 4736 --- [restartedMain] o.hibernate.annotations.common.Version   : HCANN000001: Hibernate Commons Annotations {5.1.2.Final}
2021-09-29 13:43:39.884  INFO 4736 --- [restartedMain] org.hibernate.dialect.Dialect            : HHH000400: Using dialect: org.hibernate.dialect.PostgreSQL95Dialect
2021-09-29 13:43:41.199  INFO 4736 --- [restartedMain] o.h.e.t.j.p.i.JtaPlatformInitiator       : HHH000490: Using JtaPlatform implementation: [org.hibernate.engine.transaction.jta.platform.internal.NoJtaPlatform]
2021-09-29 13:43:41.215  INFO 4736 --- [restartedMain] j.LocalContainerEntityManagerFactoryBean : Initialized JPA EntityManagerFactory for persistence unit 'default'
2021-09-29 13:43:41.914  WARN 4736 --- [restartedMain] JpaBaseConfiguration$JpaWebConfiguration : spring.jpa.open-in-view is enabled by default. Therefore, database queries may be performed during view rendering. Explicitly configure spring.jpa.open-in-view to disable this warning
2021-09-29 13:43:43.948  INFO 4736 --- [restartedMain] o.s.b.d.a.OptionalLiveReloadServer       : LiveReload server is running on port 35729
2021-09-29 13:43:43.965  INFO 4736 --- [restartedMain] o.s.b.a.e.web.EndpointLinksResolver      : Exposing 14 endpoint(s) beneath base path '/actuator'
2021-09-29 13:43:44.146  INFO 4736 --- [restartedMain] o.s.b.w.embedded.tomcat.TomcatWebServer  : Tomcat started on port(s): 8080 (http) with context path ''
2021-09-29 13:43:44.174  INFO 4736 --- [restartedMain] c.d.dataservice.DataServiceApplication   : Started DataServiceApplication in 10.898 seconds (JVM running for 11.729)
2021-09-29 13:43:44.287  INFO 4736 --- [restartedMain] c.d.dataservice.DataServiceApplication   : Application is START!
2021-09-29 13:43:59.174  INFO 4736 --- [http-nio-8080-exec-2] o.a.c.c.C.[Tomcat].[localhost].[/]       : Initializing Spring DispatcherServlet 'dispatcherServlet'
2021-09-29 13:43:59.175  INFO 4736 --- [http-nio-8080-exec-2] o.s.web.servlet.DispatcherServlet        : Initializing Servlet 'dispatcherServlet'
2021-09-29 13:43:59.190  INFO 4736 --- [http-nio-8080-exec-2] o.s.web.servlet.DispatcherServlet        : Completed initialization in 15 ms
2021-09-29 13:44:42.226  INFO 4736 --- [SpringApplicationShutdownHook] j.LocalContainerEntityManagerFactoryBean : Closing JPA EntityManagerFactory for persistence unit 'default'
2021-09-29 13:44:42.241  INFO 4736 --- [SpringApplicationShutdownHook] com.zaxxer.hikari.HikariDataSource       : HikariPool-1 - Shutdown initiated...
2021-09-29 13:44:42.245  INFO 4736 --- [SpringApplicationShutdownHook] com.zaxxer.hikari.HikariDataSource       : HikariPool-1 - Shutdown completed.
2021-09-29 14:31:04.601  INFO 12813 --- [restartedMain] c.d.dataservice.DataServiceApplication   : Starting DataServiceApplication using Java 16.0.1 on iMac-Vladislav.local with PID 12813 (/Users/denis/IdeaProjects/DataService/target/classes started by denis in /Users/denis/IdeaProjects/DataService)
2021-09-29 14:31:04.604  INFO 12813 --- [restartedMain] c.d.dataservice.DataServiceApplication   : No active profile set, falling back to default profiles: default
2021-09-29 14:31:04.690  INFO 12813 --- [restartedMain] .e.DevToolsPropertyDefaultsPostProcessor : Devtools property defaults active! Set 'spring.devtools.add-properties' to 'false' to disable
2021-09-29 14:31:04.690  INFO 12813 --- [restartedMain] .e.DevToolsPropertyDefaultsPostProcessor : For additional web related logging consider setting the 'logging.level.web' property to 'DEBUG'
2021-09-29 14:31:05.897  INFO 12813 --- [restartedMain] .s.d.r.c.RepositoryConfigurationDelegate : Bootstrapping Spring Data JPA repositories in DEFAULT mode.
2021-09-29 14:31:05.985  INFO 12813 --- [restartedMain] .s.d.r.c.RepositoryConfigurationDelegate : Finished Spring Data repository scanning in 75 ms. Found 4 JPA repository interfaces.
2021-09-29 14:31:07.169  INFO 12813 --- [restartedMain] o.s.b.w.embedded.tomcat.TomcatWebServer  : Tomcat initialized with port(s): 8080 (http)
2021-09-29 14:31:07.192  INFO 12813 --- [restartedMain] o.apache.catalina.core.StandardService   : Starting service [Tomcat]
2021-09-29 14:31:07.193  INFO 12813 --- [restartedMain] org.apache.catalina.core.StandardEngine  : Starting Servlet engine: [Apache Tomcat/9.0.52]
2021-09-29 14:31:07.325  INFO 12813 --- [restartedMain] o.a.c.c.C.[Tomcat].[localhost].[/]       : Initializing Spring embedded WebApplicationContext
2021-09-29 14:31:07.326  INFO 12813 --- [restartedMain] w.s.c.ServletWebServerApplicationContext : Root WebApplicationContext: initialization completed in 2635 ms
2021-09-29 14:31:07.890  INFO 12813 --- [restartedMain] com.zaxxer.hikari.HikariDataSource       : HikariPool-1 - Starting...
2021-09-29 14:31:08.068  INFO 12813 --- [restartedMain] com.zaxxer.hikari.HikariDataSource       : HikariPool-1 - Start completed.
2021-09-29 14:31:08.153  INFO 12813 --- [restartedMain] o.hibernate.jpa.internal.util.LogHelper  : HHH000204: Processing PersistenceUnitInfo [name: default]
2021-09-29 14:31:08.273  INFO 12813 --- [restartedMain] org.hibernate.Version                    : HHH000412: Hibernate ORM core version 5.4.32.Final
2021-09-29 14:31:08.525  INFO 12813 --- [restartedMain] o.hibernate.annotations.common.Version   : HCANN000001: Hibernate Commons Annotations {5.1.2.Final}
2021-09-29 14:31:08.752  INFO 12813 --- [restartedMain] org.hibernate.dialect.Dialect            : HHH000400: Using dialect: org.hibernate.dialect.PostgreSQL95Dialect
2021-09-29 14:31:09.696  INFO 12813 --- [restartedMain] o.h.e.t.j.p.i.JtaPlatformInitiator       : HHH000490: Using JtaPlatform implementation: [org.hibernate.engine.transaction.jta.platform.internal.NoJtaPlatform]
2021-09-29 14:31:09.711  INFO 12813 --- [restartedMain] j.LocalContainerEntityManagerFactoryBean : Initialized JPA EntityManagerFactory for persistence unit 'default'
2021-09-29 14:31:10.210  WARN 12813 --- [restartedMain] JpaBaseConfiguration$JpaWebConfiguration : spring.jpa.open-in-view is enabled by default. Therefore, database queries may be performed during view rendering. Explicitly configure spring.jpa.open-in-view to disable this warning
2021-09-29 14:31:11.469  INFO 12813 --- [restartedMain] o.s.b.d.a.OptionalLiveReloadServer       : LiveReload server is running on port 35729
2021-09-29 14:31:11.480  INFO 12813 --- [restartedMain] o.s.b.a.e.web.EndpointLinksResolver      : Exposing 14 endpoint(s) beneath base path '/actuator'
2021-09-29 14:31:11.559  INFO 12813 --- [restartedMain] o.s.b.w.embedded.tomcat.TomcatWebServer  : Tomcat started on port(s): 8080 (http) with context path ''
2021-09-29 14:31:11.583  INFO 12813 --- [restartedMain] c.d.dataservice.DataServiceApplication   : Started DataServiceApplication in 7.742 seconds (JVM running for 8.406)
2021-09-29 14:31:11.657  INFO 12813 --- [restartedMain] c.d.dataservice.DataServiceApplication   : Application is START!
2021-09-29 14:33:39.266  INFO 12813 --- [SpringApplicationShutdownHook] j.LocalContainerEntityManagerFactoryBean : Closing JPA EntityManagerFactory for persistence unit 'default'
2021-09-29 14:33:39.287  INFO 12813 --- [SpringApplicationShutdownHook] com.zaxxer.hikari.HikariDataSource       : HikariPool-1 - Shutdown initiated...
2021-09-29 14:33:39.302  INFO 12813 --- [SpringApplicationShutdownHook] com.zaxxer.hikari.HikariDataSource       : HikariPool-1 - Shutdown completed.
2021-09-29 14:33:55.477  INFO 12877 --- [main] c.d.d.DataServiceApplicationTests        : Starting DataServiceApplicationTests using Java 16.0.1 on iMac-Vladislav.local with PID 12877 (started by denis in /Users/denis/IdeaProjects/DataService)
2021-09-29 14:33:55.483  INFO 12877 --- [main] c.d.d.DataServiceApplicationTests        : No active profile set, falling back to default profiles: default
2021-09-29 14:33:57.204  INFO 12877 --- [main] .s.d.r.c.RepositoryConfigurationDelegate : Bootstrapping Spring Data JPA repositories in DEFAULT mode.
2021-09-29 14:33:57.302  INFO 12877 --- [main] .s.d.r.c.RepositoryConfigurationDelegate : Finished Spring Data repository scanning in 81 ms. Found 4 JPA repository interfaces.
2021-09-29 14:33:58.185  INFO 12877 --- [main] com.zaxxer.hikari.HikariDataSource       : HikariPool-1 - Starting...
2021-09-29 14:33:58.411  INFO 12877 --- [main] com.zaxxer.hikari.HikariDataSource       : HikariPool-1 - Start completed.
2021-09-29 14:33:58.518  INFO 12877 --- [main] o.hibernate.jpa.internal.util.LogHelper  : HHH000204: Processing PersistenceUnitInfo [name: default]
2021-09-29 14:33:58.638  INFO 12877 --- [main] org.hibernate.Version                    : HHH000412: Hibernate ORM core version 5.4.32.Final
2021-09-29 14:33:58.929  INFO 12877 --- [main] o.hibernate.annotations.common.Version   : HCANN000001: Hibernate Commons Annotations {5.1.2.Final}
2021-09-29 14:33:59.197  INFO 12877 --- [main] org.hibernate.dialect.Dialect            : HHH000400: Using dialect: org.hibernate.dialect.PostgreSQL95Dialect
2021-09-29 14:34:00.226  INFO 12877 --- [main] o.h.e.t.j.p.i.JtaPlatformInitiator       : HHH000490: Using JtaPlatform implementation: [org.hibernate.engine.transaction.jta.platform.internal.NoJtaPlatform]
2021-09-29 14:34:00.243  INFO 12877 --- [main] j.LocalContainerEntityManagerFactoryBean : Initialized JPA EntityManagerFactory for persistence unit 'default'
2021-09-29 14:34:01.064  WARN 12877 --- [main] JpaBaseConfiguration$JpaWebConfiguration : spring.jpa.open-in-view is enabled by default. Therefore, database queries may be performed during view rendering. Explicitly configure spring.jpa.open-in-view to disable this warning
2021-09-29 14:34:03.018  INFO 12877 --- [main] o.s.b.a.e.web.EndpointLinksResolver      : Exposing 14 endpoint(s) beneath base path '/actuator'
2021-09-29 14:34:03.118  INFO 12877 --- [main] c.d.d.DataServiceApplicationTests        : Started DataServiceApplicationTests in 8.355 seconds (JVM running for 9.965)
2021-09-29 14:34:03.561  INFO 12877 --- [SpringApplicationShutdownHook] j.LocalContainerEntityManagerFactoryBean : Closing JPA EntityManagerFactory for persistence unit 'default'
2021-09-29 14:34:03.576  INFO 12877 --- [SpringApplicationShutdownHook] com.zaxxer.hikari.HikariDataSource       : HikariPool-1 - Shutdown initiated...
2021-09-29 14:34:03.583  INFO 12877 --- [SpringApplicationShutdownHook] com.zaxxer.hikari.HikariDataSource       : HikariPool-1 - Shutdown completed.
2021-09-29 14:42:32.773  INFO 13166 --- [main] c.d.d.DataServiceApplicationTests        : Starting DataServiceApplicationTests using Java 16.0.1 on iMac-Vladislav.local with PID 13166 (started by denis in /Users/denis/IdeaProjects/DataService)
2021-09-29 14:42:32.778  INFO 13166 --- [main] c.d.d.DataServiceApplicationTests        : No active profile set, falling back to default profiles: default
2021-09-29 14:42:34.360  INFO 13166 --- [main] .s.d.r.c.RepositoryConfigurationDelegate : Bootstrapping Spring Data JPA repositories in DEFAULT mode.
2021-09-29 14:42:34.443  INFO 13166 --- [main] .s.d.r.c.RepositoryConfigurationDelegate : Finished Spring Data repository scanning in 70 ms. Found 4 JPA repository interfaces.
2021-09-29 14:42:35.437  INFO 13166 --- [main] com.zaxxer.hikari.HikariDataSource       : HikariPool-1 - Starting...
2021-09-29 14:42:35.689  INFO 13166 --- [main] com.zaxxer.hikari.HikariDataSource       : HikariPool-1 - Start completed.
2021-09-29 14:42:35.795  INFO 13166 --- [main] o.hibernate.jpa.internal.util.LogHelper  : HHH000204: Processing PersistenceUnitInfo [name: default]
2021-09-29 14:42:35.927  INFO 13166 --- [main] org.hibernate.Version                    : HHH000412: Hibernate ORM core version 5.4.32.Final
2021-09-29 14:42:36.276  INFO 13166 --- [main] o.hibernate.annotations.common.Version   : HCANN000001: Hibernate Commons Annotations {5.1.2.Final}
2021-09-29 14:42:36.603  INFO 13166 --- [main] org.hibernate.dialect.Dialect            : HHH000400: Using dialect: org.hibernate.dialect.PostgreSQL95Dialect
2021-09-29 14:42:38.738  INFO 13166 --- [main] o.h.e.t.j.p.i.JtaPlatformInitiator       : HHH000490: Using JtaPlatform implementation: [org.hibernate.engine.transaction.jta.platform.internal.NoJtaPlatform]
2021-09-29 14:42:38.789  INFO 13166 --- [main] j.LocalContainerEntityManagerFactoryBean : Initialized JPA EntityManagerFactory for persistence unit 'default'
2021-09-29 14:42:39.980  WARN 13166 --- [main] JpaBaseConfiguration$JpaWebConfiguration : spring.jpa.open-in-view is enabled by default. Therefore, database queries may be performed during view rendering. Explicitly configure spring.jpa.open-in-view to disable this warning
2021-09-29 14:42:42.987  INFO 13166 --- [main] o.s.b.a.e.web.EndpointLinksResolver      : Exposing 14 endpoint(s) beneath base path '/actuator'
2021-09-29 14:42:43.108  INFO 13166 --- [main] c.d.d.DataServiceApplicationTests        : Started DataServiceApplicationTests in 10.744 seconds (JVM running for 12.547)
2021-09-29 14:42:43.568  INFO 13166 --- [SpringApplicationShutdownHook] j.LocalContainerEntityManagerFactoryBean : Closing JPA EntityManagerFactory for persistence unit 'default'
2021-09-29 14:42:43.572  INFO 13166 --- [SpringApplicationShutdownHook] com.zaxxer.hikari.HikariDataSource       : HikariPool-1 - Shutdown initiated...
2021-09-29 14:42:43.578  INFO 13166 --- [SpringApplicationShutdownHook] com.zaxxer.hikari.HikariDataSource       : HikariPool-1 - Shutdown completed.
